2022-03-20 07:33:41 INFO  .:69 - The execution of method loadFiles started here ...
2022-03-20 07:33:41 INFO  .:84 - The execution of method loadFiles ended here ...
2022-03-20 07:33:53 INFO  .:86 - The execution of method navigate started here ...
2022-03-20 07:34:05 INFO  .:98 - The execution of method navigate ended here ...
2022-03-20 07:34:05 INFO  .:166 - In Test Scenario Login the method navigate execution status is :Pass
2022-03-20 07:34:06 INFO  .:32 - The execution of method login started here ...
2022-03-20 07:34:12 INFO  .:50 - The execution of method login ended here ...
2022-03-20 07:34:12 INFO  .:166 - In Test Scenario Login the method login execution status is :Pass
2022-03-20 07:34:15 INFO  .:166 - In Test Scenario Login the method minimizeFlyOutWindow execution status is :Pass
2022-03-20 07:34:15 INFO  .:76 - The execution of method logout started here ...
2022-03-20 07:34:20 INFO  .:88 - The execution of method logout ended here ...
2022-03-20 07:34:20 INFO  .:166 - In Test Scenario Login the method logout execution status is :Pass
2022-03-20 07:34:20 INFO  .:121 - The execution of method closeApplication started here ...
2022-03-20 07:34:22 INFO  .:124 - The execution of method closeApplication ended here ...
2022-03-20 07:34:22 INFO  .:166 - In Test Scenario Login the method closeApplication execution status is :Pass
2022-03-20 07:34:22 INFO  .:180 - +++++++++++++++++++++++++++++++
2022-03-20 07:34:27 INFO  .:86 - The execution of method navigate started here ...
2022-03-20 07:34:37 INFO  .:98 - The execution of method navigate ended here ...
2022-03-20 07:34:37 INFO  .:166 - In Test Scenario CreateUser the method navigate execution status is :Pass
2022-03-20 07:34:37 INFO  .:32 - The execution of method login started here ...
2022-03-20 07:34:43 INFO  .:50 - The execution of method login ended here ...
2022-03-20 07:34:43 INFO  .:166 - In Test Scenario CreateUser the method login execution status is :Pass
2022-03-20 07:34:45 INFO  .:166 - In Test Scenario CreateUser the method minimizeFlyOutWindow execution status is :Pass
2022-03-20 07:34:45 INFO  .:32 - The execution of method createUser started here ...
2022-03-20 07:35:01 INFO  .:60 - The execution of method createUser ended here ...
2022-03-20 07:35:01 INFO  .:166 - In Test Scenario CreateUser the method createUser execution status is :Pass
2022-03-20 07:35:02 INFO  .:131 - The execution of method deleteUser started here ...
2022-03-20 07:35:13 INFO  .:147 - The execution of method deleteUser ended here ...
2022-03-20 07:35:13 INFO  .:166 - In Test Scenario CreateUser the method deleteUser execution status is :Pass
2022-03-20 07:35:13 INFO  .:76 - The execution of method logout started here ...
2022-03-20 07:35:18 INFO  .:88 - The execution of method logout ended here ...
2022-03-20 07:35:18 INFO  .:166 - In Test Scenario CreateUser the method logout execution status is :Pass
2022-03-20 07:35:19 INFO  .:121 - The execution of method closeApplication started here ...
2022-03-20 07:35:19 INFO  .:124 - The execution of method closeApplication ended here ...
2022-03-20 07:35:19 INFO  .:166 - In Test Scenario CreateUser the method closeApplication execution status is :Pass
2022-03-20 07:35:19 INFO  .:180 - +++++++++++++++++++++++++++++++
2022-03-20 07:35:25 INFO  .:86 - The execution of method navigate started here ...
2022-03-20 07:35:33 INFO  .:98 - The execution of method navigate ended here ...
2022-03-20 07:35:33 INFO  .:166 - In Test Scenario ModifyUser the method navigate execution status is :Pass
2022-03-20 07:35:34 INFO  .:32 - The execution of method login started here ...
2022-03-20 07:35:39 INFO  .:50 - The execution of method login ended here ...
2022-03-20 07:35:39 INFO  .:166 - In Test Scenario ModifyUser the method login execution status is :Pass
2022-03-20 07:35:41 INFO  .:166 - In Test Scenario ModifyUser the method minimizeFlyOutWindow execution status is :Pass
2022-03-20 07:35:41 INFO  .:32 - The execution of method createUser started here ...
2022-03-20 07:35:57 INFO  .:60 - The execution of method createUser ended here ...
2022-03-20 07:35:57 INFO  .:166 - In Test Scenario ModifyUser the method createUser execution status is :Pass
2022-03-20 07:35:57 INFO  .:86 - The execution of method modifyUser started here ...
2022-03-20 07:36:06 INFO  .:106 - The execution of method modifyUser ended here ...
2022-03-20 07:36:08 INFO  .:166 - In Test Scenario ModifyUser the method modifyUser execution status is :Fail
2022-03-20 07:36:08 INFO  .:131 - The execution of method deleteUser started here ...
2022-03-20 07:36:20 INFO  .:147 - The execution of method deleteUser ended here ...
2022-03-20 07:36:20 INFO  .:166 - In Test Scenario ModifyUser the method deleteUser execution status is :Pass
2022-03-20 07:36:20 INFO  .:76 - The execution of method logout started here ...
2022-03-20 07:36:25 INFO  .:88 - The execution of method logout ended here ...
2022-03-20 07:36:25 INFO  .:166 - In Test Scenario ModifyUser the method logout execution status is :Pass
2022-03-20 07:36:25 INFO  .:121 - The execution of method closeApplication started here ...
2022-03-20 07:36:26 INFO  .:124 - The execution of method closeApplication ended here ...
2022-03-20 07:36:26 INFO  .:166 - In Test Scenario ModifyUser the method closeApplication execution status is :Pass
2022-03-20 07:36:26 INFO  .:180 - +++++++++++++++++++++++++++++++
2022-03-20 07:36:26 INFO  .:180 - +++++++++++++++++++++++++++++++
2022-03-20 07:36:26 INFO  .:180 - +++++++++++++++++++++++++++++++
2022-03-20 07:36:26 INFO  .:180 - +++++++++++++++++++++++++++++++
2022-03-20 07:36:26 INFO  .:180 - +++++++++++++++++++++++++++++++
2022-03-20 07:36:26 INFO  .:183 - The execution of method executeTestScenarios ended here ...
2022-03-20 07:36:26 INFO  .:205 - The execution of method endAutomationSuite ended here ...
2022-03-20 07:36:27 INFO  .:208 - The execution of method endAutomationSuite ended here ...
2022-03-20 07:54:35 INFO  .:69 - The execution of method loadFiles started here ...
2022-03-20 07:54:35 INFO  .:84 - The execution of method loadFiles ended here ...
2022-03-20 07:54:52 INFO  .:86 - The execution of method navigate started here ...
2022-03-20 07:55:01 INFO  .:98 - The execution of method navigate ended here ...
2022-03-20 07:55:01 INFO  .:166 - In Test Scenario Login the method navigate execution status is :Pass
2022-03-20 07:55:01 INFO  .:32 - The execution of method login started here ...
2022-03-20 07:55:07 INFO  .:50 - The execution of method login ended here ...
2022-03-20 07:55:07 INFO  .:166 - In Test Scenario Login the method login execution status is :Pass
2022-03-20 07:55:10 INFO  .:166 - In Test Scenario Login the method minimizeFlyOutWindow execution status is :Pass
2022-03-20 07:55:10 INFO  .:76 - The execution of method logout started here ...
2022-03-20 07:55:15 INFO  .:88 - The execution of method logout ended here ...
2022-03-20 07:55:15 INFO  .:166 - In Test Scenario Login the method logout execution status is :Pass
2022-03-20 07:55:15 INFO  .:121 - The execution of method closeApplication started here ...
2022-03-20 07:55:16 INFO  .:124 - The execution of method closeApplication ended here ...
2022-03-20 07:55:16 INFO  .:166 - In Test Scenario Login the method closeApplication execution status is :Pass
2022-03-20 07:55:16 INFO  .:180 - +++++++++++++++++++++++++++++++
2022-03-20 07:55:23 INFO  .:86 - The execution of method navigate started here ...
2022-03-20 07:55:41 INFO  .:98 - The execution of method navigate ended here ...
2022-03-20 07:55:41 INFO  .:166 - In Test Scenario CreateUser the method navigate execution status is :Pass
2022-03-20 07:55:41 INFO  .:32 - The execution of method login started here ...
2022-03-20 07:55:47 INFO  .:50 - The execution of method login ended here ...
2022-03-20 07:55:47 INFO  .:166 - In Test Scenario CreateUser the method login execution status is :Pass
2022-03-20 07:55:49 INFO  .:166 - In Test Scenario CreateUser the method minimizeFlyOutWindow execution status is :Pass
2022-03-20 07:55:49 INFO  .:32 - The execution of method createUser started here ...
2022-03-20 07:56:02 INFO  .:60 - The execution of method createUser ended here ...
2022-03-20 07:56:02 INFO  .:166 - In Test Scenario CreateUser the method createUser execution status is :Pass
2022-03-20 07:56:03 INFO  .:131 - The execution of method deleteUser started here ...
2022-03-20 07:56:13 INFO  .:147 - The execution of method deleteUser ended here ...
2022-03-20 07:56:13 INFO  .:166 - In Test Scenario CreateUser the method deleteUser execution status is :Pass
2022-03-20 07:56:13 INFO  .:76 - The execution of method logout started here ...
2022-03-20 07:56:18 INFO  .:88 - The execution of method logout ended here ...
2022-03-20 07:56:18 INFO  .:166 - In Test Scenario CreateUser the method logout execution status is :Pass
2022-03-20 07:56:18 INFO  .:121 - The execution of method closeApplication started here ...
2022-03-20 07:56:18 INFO  .:124 - The execution of method closeApplication ended here ...
2022-03-20 07:56:18 INFO  .:166 - In Test Scenario CreateUser the method closeApplication execution status is :Pass
2022-03-20 07:56:19 INFO  .:180 - +++++++++++++++++++++++++++++++
2022-03-20 07:56:23 INFO  .:86 - The execution of method navigate started here ...
2022-03-20 07:56:33 INFO  .:98 - The execution of method navigate ended here ...
2022-03-20 07:56:33 INFO  .:166 - In Test Scenario ModifyUser the method navigate execution status is :Pass
2022-03-20 07:56:33 INFO  .:32 - The execution of method login started here ...
2022-03-20 07:56:38 INFO  .:50 - The execution of method login ended here ...
2022-03-20 07:56:38 INFO  .:166 - In Test Scenario ModifyUser the method login execution status is :Pass
2022-03-20 07:56:41 INFO  .:166 - In Test Scenario ModifyUser the method minimizeFlyOutWindow execution status is :Pass
2022-03-20 07:56:41 INFO  .:32 - The execution of method createUser started here ...
2022-03-20 07:56:55 INFO  .:60 - The execution of method createUser ended here ...
2022-03-20 07:56:55 INFO  .:166 - In Test Scenario ModifyUser the method createUser execution status is :Pass
2022-03-20 07:56:55 INFO  .:86 - The execution of method modifyUser started here ...
2022-03-20 07:57:05 INFO  .:106 - The execution of method modifyUser ended here ...
2022-03-20 07:57:05 INFO  .:166 - In Test Scenario ModifyUser the method modifyUser execution status is :Pass
2022-03-20 07:57:05 INFO  .:131 - The execution of method deleteUser started here ...
2022-03-20 07:57:16 INFO  .:147 - The execution of method deleteUser ended here ...
2022-03-20 07:57:16 INFO  .:166 - In Test Scenario ModifyUser the method deleteUser execution status is :Pass
2022-03-20 07:57:16 INFO  .:76 - The execution of method logout started here ...
2022-03-20 07:57:20 INFO  .:88 - The execution of method logout ended here ...
2022-03-20 07:57:20 INFO  .:166 - In Test Scenario ModifyUser the method logout execution status is :Pass
2022-03-20 07:57:21 INFO  .:121 - The execution of method closeApplication started here ...
2022-03-20 07:57:21 INFO  .:124 - The execution of method closeApplication ended here ...
2022-03-20 07:57:21 INFO  .:166 - In Test Scenario ModifyUser the method closeApplication execution status is :Pass
2022-03-20 07:57:21 INFO  .:180 - +++++++++++++++++++++++++++++++
2022-03-20 07:57:21 INFO  .:180 - +++++++++++++++++++++++++++++++
2022-03-20 07:57:21 INFO  .:180 - +++++++++++++++++++++++++++++++
2022-03-20 07:57:22 INFO  .:180 - +++++++++++++++++++++++++++++++
2022-03-20 07:57:22 INFO  .:180 - +++++++++++++++++++++++++++++++
2022-03-20 07:57:22 INFO  .:183 - The execution of method executeTestScenarios ended here ...
2022-03-20 07:57:22 INFO  .:205 - The execution of method endAutomationSuite ended here ...
2022-03-20 07:57:23 INFO  .:208 - The execution of method endAutomationSuite ended here ...
